<component name="libraryTable">
  <library name="junit-4.121">
    <CLASSES>
      <root url="jar://$PROJECT_DIR$/WoPeD-Process2Text/lib/junit-4.12/junit-4.12-sources.jar!/" />
      <root url="jar://$PROJECT_DIR$/WoPeD-Process2Text/lib/junit-4.12/junit-4.12.jar!/" />
      <root url="jar://$PROJECT_DIR$/WoPeD-Process2Text/lib/junit-4.12/junit-4.12-javadoc.jar!/" />
    </CLASSES>
    <JAVADOC />
    <SOURCES />
  </library>
</component>